=== Training field ux (seed 0) ===
  [ux] epoch 1/60 start
Launch params (256, 1, 1) are larger than launch bounds (128) for kernel _ZN7rocprim6detail16transform_kernelINS0_24wrapped_transform_configINS_14default_configElEElPlS5_NS_8identityIlEEEEvT1_mT2_T3_ please add __launch_bounds__ to kernel define or use --gpu-max-threads-per-block recompile program ! 
  [ux] epoch 1/60 train_mse=0.9726 best_train=0.9726 (95.5s)
  [ux] epoch 2/60 start
  [ux] epoch 2/60 train_mse=0.7504 best_train=0.7504 (83.0s)
  [ux] epoch 3/60 start
  [ux] epoch 3/60 train_mse=0.5424 best_train=0.5424 (83.8s)
  [ux] epoch 4/60 start
  [ux] epoch 4/60 train_mse=0.4080 best_train=0.4080 (83.3s)
  [ux] epoch 5/60 start
  [ux] epoch 5/60 train_mse=0.4173 val_mse=0.5214 best=0.4080 (287.2s)
  [ux] epoch 6/60 start
  [ux] epoch 6/60 train_mse=0.3454 best_train=0.3454 (85.4s)
  [ux] epoch 7/60 start
  [ux] epoch 7/60 train_mse=0.3591 best_train=0.3454 (84.3s)
  [ux] epoch 8/60 start
  [ux] epoch 8/60 train_mse=0.3091 best_train=0.3091 (84.2s)
  [ux] epoch 9/60 start
  [ux] epoch 9/60 train_mse=0.2755 best_train=0.2755 (84.0s)
  [ux] epoch 10/60 start
  [ux] epoch 10/60 train_mse=0.2333 val_mse=0.2238 best=0.2238 (142.7s)
  [ux] epoch 11/60 start
  [ux] epoch 11/60 train_mse=0.2120 best_train=0.2120 (89.8s)
  [ux] epoch 12/60 start
  [ux] epoch 12/60 train_mse=0.2323 best_train=0.2120 (109.5s)
  [ux] epoch 13/60 start
  [ux] epoch 13/60 train_mse=0.1666 best_train=0.1666 (91.1s)
  [ux] epoch 14/60 start
  [ux] epoch 14/60 train_mse=0.1301 best_train=0.1301 (87.9s)
  [ux] epoch 15/60 start
  [ux] epoch 15/60 train_mse=0.1122 val_mse=0.1013 best=0.1013 (143.6s)
  [ux] epoch 16/60 start
  [ux] epoch 16/60 train_mse=0.0981 best_train=0.0981 (91.1s)
  [ux] epoch 17/60 start
  [ux] epoch 17/60 train_mse=0.0868 best_train=0.0868 (87.4s)
  [ux] epoch 18/60 start
  [ux] epoch 18/60 train_mse=0.0767 best_train=0.0767 (88.6s)
  [ux] epoch 19/60 start
  [ux] epoch 19/60 train_mse=0.0684 best_train=0.0684 (88.0s)
  [ux] epoch 20/60 start
  [ux] epoch 20/60 train_mse=0.0633 val_mse=0.0587 best=0.0587 (150.5s)
  [ux] epoch 21/60 start
  [ux] epoch 21/60 train_mse=0.0590 best_train=0.0587 (96.0s)
  [ux] epoch 22/60 start
  [ux] epoch 22/60 train_mse=0.0557 best_train=0.0557 (88.5s)
  [ux] epoch 23/60 start
  [ux] epoch 23/60 train_mse=0.0524 best_train=0.0524 (88.7s)
  [ux] epoch 24/60 start
  [ux] epoch 24/60 train_mse=0.0503 best_train=0.0503 (88.7s)
  [ux] epoch 25/60 start
  [ux] epoch 25/60 train_mse=0.0486 val_mse=0.0481 best=0.0481 (146.2s)
  [ux] epoch 26/60 start
  [ux] epoch 26/60 train_mse=0.0465 best_train=0.0465 (92.1s)
  [ux] epoch 27/60 start
  [ux] epoch 27/60 train_mse=0.0446 best_train=0.0446 (88.7s)
  [ux] epoch 28/60 start
  [ux] epoch 28/60 train_mse=0.0424 best_train=0.0424 (88.8s)
  [ux] epoch 29/60 start
  [ux] epoch 29/60 train_mse=0.0410 best_train=0.0410 (89.6s)
  [ux] epoch 30/60 start
  [ux] epoch 30/60 train_mse=0.0396 val_mse=0.0412 best=0.0410 (146.0s)
  [ux] epoch 31/60 start
  [ux] epoch 31/60 train_mse=0.0381 best_train=0.0381 (90.1s)
  [ux] epoch 32/60 start
  [ux] epoch 32/60 train_mse=0.0364 best_train=0.0364 (88.8s)
  [ux] epoch 33/60 start
  [ux] epoch 33/60 train_mse=0.0350 best_train=0.0350 (89.5s)
  [ux] epoch 34/60 start
  [ux] epoch 34/60 train_mse=0.0329 best_train=0.0329 (89.6s)
  [ux] epoch 35/60 start
  [ux] epoch 35/60 train_mse=0.0330 val_mse=0.0403 best=0.0329 (161.6s)
  [ux] epoch 36/60 start
  [ux] epoch 36/60 train_mse=0.0321 best_train=0.0321 (97.9s)
  [ux] epoch 37/60 start
  [ux] epoch 37/60 train_mse=0.0321 best_train=0.0321 (93.3s)
  [ux] epoch 38/60 start
  [ux] epoch 38/60 train_mse=0.0331 best_train=0.0321 (89.5s)
  [ux] epoch 39/60 start
  [ux] epoch 39/60 train_mse=0.0324 best_train=0.0321 (89.9s)
  [ux] epoch 40/60 start
  [ux] epoch 40/60 train_mse=0.0309 val_mse=0.0394 best=0.0321 (149.2s)
  [ux] epoch 41/60 start
  [ux] epoch 41/60 train_mse=0.0297 best_train=0.0297 (91.9s)
  [ux] epoch 42/60 start
  [ux] epoch 42/60 train_mse=0.0284 best_train=0.0284 (88.8s)
  [ux] epoch 43/60 start
  [ux] epoch 43/60 train_mse=0.0277 best_train=0.0277 (87.3s)
  [ux] epoch 44/60 start
  [ux] epoch 44/60 train_mse=0.0268 best_train=0.0268 (87.4s)
  [ux] epoch 45/60 start
  [ux] epoch 45/60 train_mse=0.0264 val_mse=0.0396 best=0.0268 (154.3s)
  [ux] epoch 46/60 start
  [ux] epoch 46/60 train_mse=0.0257 best_train=0.0257 (97.1s)
  [ux] epoch 47/60 start
  [ux] epoch 47/60 train_mse=0.0252 best_train=0.0252 (89.1s)
  [ux] epoch 48/60 start
  [ux] epoch 48/60 train_mse=0.0242 best_train=0.0242 (88.9s)
  [ux] epoch 49/60 start
  [ux] epoch 49/60 train_mse=0.0235 best_train=0.0235 (88.8s)
  [ux] epoch 50/60 start
  [ux] epoch 50/60 train_mse=0.0228 val_mse=0.0303 best=0.0235 (142.4s)
  [ux] epoch 51/60 start
  [ux] epoch 51/60 train_mse=0.0222 best_train=0.0222 (93.9s)
  [ux] epoch 52/60 start
  [ux] epoch 52/60 train_mse=0.0214 best_train=0.0214 (88.7s)
  [ux] epoch 53/60 start
  [ux] epoch 53/60 train_mse=0.0210 best_train=0.0210 (89.1s)
  [ux] epoch 54/60 start
  [ux] epoch 54/60 train_mse=0.0207 best_train=0.0207 (89.0s)
  [ux] epoch 55/60 start
  [ux] epoch 55/60 train_mse=0.0204 val_mse=0.0292 best=0.0207 (152.2s)
  [ux] epoch 56/60 start
  [ux] epoch 56/60 train_mse=0.0200 best_train=0.0200 (94.5s)
  [ux] epoch 57/60 start
  [ux] epoch 57/60 train_mse=0.0198 best_train=0.0198 (88.1s)
  [ux] epoch 58/60 start
  [ux] epoch 58/60 train_mse=0.0197 best_train=0.0197 (88.0s)
  [ux] epoch 59/60 start
  [ux] epoch 59/60 train_mse=0.0196 best_train=0.0196 (87.6s)
  [ux] epoch 60/60 start
  [ux] epoch 60/60 train_mse=0.0196 val_mse=0.0289 best=0.0196 (144.0s)
=== Training field uy (seed 0) ===
  [uy] epoch 1/60 start
  [uy] epoch 1/60 train_mse=0.8305 best_train=0.8305 (97.2s)
  [uy] epoch 2/60 start
  [uy] epoch 2/60 train_mse=0.6679 best_train=0.6679 (88.6s)
  [uy] epoch 3/60 start
  [uy] epoch 3/60 train_mse=0.6405 best_train=0.6405 (88.9s)
  [uy] epoch 4/60 start
  [uy] epoch 4/60 train_mse=0.5224 best_train=0.5224 (89.1s)
  [uy] epoch 5/60 start
  [uy] epoch 5/60 train_mse=0.4461 val_mse=0.5556 best=0.5224 (143.5s)
  [uy] epoch 6/60 start
  [uy] epoch 6/60 train_mse=0.4042 best_train=0.4042 (94.2s)
  [uy] epoch 7/60 start
  [uy] epoch 7/60 train_mse=0.2913 best_train=0.2913 (88.9s)
  [uy] epoch 8/60 start
  [uy] epoch 8/60 train_mse=0.2719 best_train=0.2719 (88.9s)
  [uy] epoch 9/60 start
  [uy] epoch 9/60 train_mse=0.2673 best_train=0.2673 (88.8s)
  [uy] epoch 10/60 start
  [uy] epoch 10/60 train_mse=0.2633 val_mse=0.2013 best=0.2013 (143.8s)
  [uy] epoch 11/60 start
  [uy] epoch 11/60 train_mse=0.3438 best_train=0.2013 (94.4s)
  [uy] epoch 12/60 start
  [uy] epoch 12/60 train_mse=0.2694 best_train=0.2013 (89.2s)
  [uy] epoch 13/60 start
  [uy] epoch 13/60 train_mse=0.2080 best_train=0.2013 (89.1s)
  [uy] epoch 14/60 start
  [uy] epoch 14/60 train_mse=0.2129 best_train=0.2013 (88.6s)
  [uy] epoch 15/60 start
  [uy] epoch 15/60 train_mse=0.1887 val_mse=0.1509 best=0.1509 (149.1s)
  [uy] epoch 16/60 start
  [uy] epoch 16/60 train_mse=0.1788 best_train=0.1509 (93.8s)
  [uy] epoch 17/60 start
  [uy] epoch 17/60 train_mse=0.1704 best_train=0.1509 (88.3s)
  [uy] epoch 18/60 start
  [uy] epoch 18/60 train_mse=0.1485 best_train=0.1485 (87.1s)
  [uy] epoch 19/60 start
  [uy] epoch 19/60 train_mse=0.1407 best_train=0.1407 (87.7s)
  [uy] epoch 20/60 start
  [uy] epoch 20/60 train_mse=0.1342 val_mse=0.1227 best=0.1227 (148.3s)
  [uy] epoch 21/60 start
  [uy] epoch 21/60 train_mse=0.1263 best_train=0.1227 (98.4s)
  [uy] epoch 22/60 start
  [uy] epoch 22/60 train_mse=0.1161 best_train=0.1161 (104.3s)
  [uy] epoch 23/60 start
  [uy] epoch 23/60 train_mse=0.1138 best_train=0.1138 (105.1s)
  [uy] epoch 24/60 start
  [uy] epoch 24/60 train_mse=0.1071 best_train=0.1071 (87.5s)
  [uy] epoch 25/60 start
  [uy] epoch 25/60 train_mse=0.1022 val_mse=0.1047 best=0.1047 (145.4s)
  [uy] epoch 26/60 start
  [uy] epoch 26/60 train_mse=0.0998 best_train=0.0998 (94.6s)
  [uy] epoch 27/60 start
  [uy] epoch 27/60 train_mse=0.0943 best_train=0.0943 (88.7s)
  [uy] epoch 28/60 start
  [uy] epoch 28/60 train_mse=0.0894 best_train=0.0894 (88.0s)
  [uy] epoch 29/60 start
  [uy] epoch 29/60 train_mse=0.0868 best_train=0.0868 (88.4s)
  [uy] epoch 30/60 start
  [uy] epoch 30/60 train_mse=0.0822 val_mse=0.0972 best=0.0868 (146.8s)
  [uy] epoch 31/60 start
  [uy] epoch 31/60 train_mse=0.0778 best_train=0.0778 (89.6s)
  [uy] epoch 32/60 start
  [uy] epoch 32/60 train_mse=0.0752 best_train=0.0752 (88.2s)
  [uy] epoch 33/60 start
  [uy] epoch 33/60 train_mse=0.0734 best_train=0.0734 (88.2s)
  [uy] epoch 34/60 start
  [uy] epoch 34/60 train_mse=0.0725 best_train=0.0725 (87.6s)
  [uy] epoch 35/60 start
  [uy] epoch 35/60 train_mse=0.0750 val_mse=0.1162 best=0.0725 (148.9s)
  [uy] epoch 36/60 start
  [uy] epoch 36/60 train_mse=0.0763 best_train=0.0725 (88.4s)
  [uy] epoch 37/60 start
  [uy] epoch 37/60 train_mse=0.0783 best_train=0.0725 (87.5s)
  [uy] epoch 38/60 start
  [uy] epoch 38/60 train_mse=0.0755 best_train=0.0725 (88.1s)
  [uy] epoch 39/60 start
  [uy] epoch 39/60 train_mse=0.0712 best_train=0.0712 (87.8s)
  [uy] epoch 40/60 start
  [uy] epoch 40/60 train_mse=0.0668 val_mse=0.0935 best=0.0712 (143.2s)
  [uy] epoch 41/60 start
  [uy] epoch 41/60 train_mse=0.0622 best_train=0.0622 (88.3s)
  [uy] epoch 42/60 start
  [uy] epoch 42/60 train_mse=0.0589 best_train=0.0589 (87.4s)
  [uy] epoch 43/60 start
  [uy] epoch 43/60 train_mse=0.0546 best_train=0.0546 (87.8s)
  [uy] epoch 44/60 start
  [uy] epoch 44/60 train_mse=0.0509 best_train=0.0509 (88.0s)
  [uy] epoch 45/60 start
  [uy] epoch 45/60 train_mse=0.0484 val_mse=0.0733 best=0.0509 (152.4s)
  [uy] epoch 46/60 start
  [uy] epoch 46/60 train_mse=0.0466 best_train=0.0466 (92.5s)
  [uy] epoch 47/60 start
  [uy] epoch 47/60 train_mse=0.0446 best_train=0.0446 (87.5s)
  [uy] epoch 48/60 start
  [uy] epoch 48/60 train_mse=0.0427 best_train=0.0427 (87.5s)
  [uy] epoch 49/60 start
  [uy] epoch 49/60 train_mse=0.0416 best_train=0.0416 (87.7s)
  [uy] epoch 50/60 start
  [uy] epoch 50/60 train_mse=0.0401 val_mse=0.0737 best=0.0416 (147.0s)
  [uy] epoch 51/60 start
  [uy] epoch 51/60 train_mse=0.0391 best_train=0.0391 (88.6s)
  [uy] epoch 52/60 start
  [uy] epoch 52/60 train_mse=0.0381 best_train=0.0381 (88.4s)
  [uy] epoch 53/60 start
  [uy] epoch 53/60 train_mse=0.0377 best_train=0.0377 (87.3s)
  [uy] epoch 54/60 start
  [uy] epoch 54/60 train_mse=0.0366 best_train=0.0366 (87.5s)
  [uy] epoch 55/60 start
  [uy] epoch 55/60 train_mse=0.0365 val_mse=0.0751 best=0.0366 (153.2s)
  [uy] epoch 56/60 start
  [uy] epoch 56/60 train_mse=0.0353 best_train=0.0353 (88.4s)
  [uy] epoch 57/60 start
  [uy] epoch 57/60 train_mse=0.0350 best_train=0.0350 (87.9s)
  [uy] epoch 58/60 start
  [uy] epoch 58/60 train_mse=0.0344 best_train=0.0344 (87.9s)
  [uy] epoch 59/60 start
  [uy] epoch 59/60 train_mse=0.0342 best_train=0.0342 (88.0s)
  [uy] epoch 60/60 start
  [uy] epoch 60/60 train_mse=0.0338 val_mse=0.0708 best=0.0342 (143.0s)
=== Training field nut (seed 0) ===
  [nut] epoch 1/60 start
  [nut] epoch 1/60 train_mse=0.9108 best_train=0.9108 (163.5s)
  [nut] epoch 2/60 start
  [nut] epoch 2/60 train_mse=0.7600 best_train=0.7600 (162.8s)
  [nut] epoch 3/60 start
  [nut] epoch 3/60 train_mse=0.7477 best_train=0.7477 (160.9s)
  [nut] epoch 4/60 start
  [nut] epoch 4/60 train_mse=0.6511 best_train=0.6511 (159.9s)
  [nut] epoch 5/60 start
  [nut] epoch 5/60 train_mse=0.5911 val_mse=1.0659 best=0.6511 (220.0s)
  [nut] epoch 6/60 start
  [nut] epoch 6/60 train_mse=0.5479 best_train=0.5479 (160.7s)
  [nut] epoch 7/60 start
  [nut] epoch 7/60 train_mse=0.5098 best_train=0.5098 (161.3s)
  [nut] epoch 8/60 start
  [nut] epoch 8/60 train_mse=0.4667 best_train=0.4667 (161.2s)
  [nut] epoch 9/60 start
  [nut] epoch 9/60 train_mse=0.3790 best_train=0.3790 (162.6s)
  [nut] epoch 10/60 start
  [nut] epoch 10/60 train_mse=0.3303 val_mse=0.4073 best=0.3790 (217.5s)
  [nut] epoch 11/60 start
  [nut] epoch 11/60 train_mse=0.3058 best_train=0.3058 (168.9s)
  [nut] epoch 12/60 start
  [nut] epoch 12/60 train_mse=0.2953 best_train=0.2953 (162.1s)
  [nut] epoch 13/60 start
  [nut] epoch 13/60 train_mse=0.2860 best_train=0.2860 (162.2s)
  [nut] epoch 14/60 start
  [nut] epoch 14/60 train_mse=0.2756 best_train=0.2756 (161.9s)
  [nut] epoch 15/60 start
  [nut] epoch 15/60 train_mse=0.2769 val_mse=0.3401 best=0.2756 (216.7s)
  [nut] epoch 16/60 start
  [nut] epoch 16/60 train_mse=0.2671 best_train=0.2671 (164.5s)
  [nut] epoch 17/60 start
  [nut] epoch 17/60 train_mse=0.2609 best_train=0.2609 (160.4s)
  [nut] epoch 18/60 start
  [nut] epoch 18/60 train_mse=0.2537 best_train=0.2537 (161.0s)
  [nut] epoch 19/60 start
  [nut] epoch 19/60 train_mse=0.2487 best_train=0.2487 (161.4s)
  [nut] epoch 20/60 start
  [nut] epoch 20/60 train_mse=0.2406 val_mse=0.3033 best=0.2487 (220.1s)
  [nut] epoch 21/60 start
  [nut] epoch 21/60 train_mse=0.2328 best_train=0.2328 (166.5s)
  [nut] epoch 22/60 start
  [nut] epoch 22/60 train_mse=0.2334 best_train=0.2328 (161.9s)
  [nut] epoch 23/60 start
  [nut] epoch 23/60 train_mse=0.2290 best_train=0.2290 (162.0s)
  [nut] epoch 24/60 start
  [nut] epoch 24/60 train_mse=0.2222 best_train=0.2222 (159.9s)
  [nut] epoch 25/60 start
  [nut] epoch 25/60 train_mse=0.2153 val_mse=0.2808 best=0.2222 (221.4s)
  [nut] epoch 26/60 start
  [nut] epoch 26/60 train_mse=0.2118 best_train=0.2118 (161.6s)
  [nut] epoch 27/60 start
  [nut] epoch 27/60 train_mse=0.2108 best_train=0.2108 (161.1s)
  [nut] epoch 28/60 start
  [nut] epoch 28/60 train_mse=0.2078 best_train=0.2078 (160.9s)
  [nut] epoch 29/60 start
  [nut] epoch 29/60 train_mse=0.2029 best_train=0.2029 (159.6s)
  [nut] epoch 30/60 start
  [nut] epoch 30/60 train_mse=0.2015 val_mse=0.2893 best=0.2029 (265.8s)
  [nut] epoch 31/60 start
  [nut] epoch 31/60 train_mse=0.1921 best_train=0.1921 (190.4s)
  [nut] epoch 32/60 start
  [nut] epoch 32/60 train_mse=0.1980 best_train=0.1921 (160.1s)
  [nut] epoch 33/60 start
  [nut] epoch 33/60 train_mse=0.1914 best_train=0.1914 (160.8s)
  [nut] epoch 34/60 start
  [nut] epoch 34/60 train_mse=0.1897 best_train=0.1897 (160.2s)
  [nut] epoch 35/60 start
  [nut] epoch 35/60 train_mse=0.1883 val_mse=0.2848 best=0.1897 (217.4s)
  [nut] epoch 36/60 start
  [nut] epoch 36/60 train_mse=0.1860 best_train=0.1860 (164.8s)
  [nut] epoch 37/60 start
  [nut] epoch 37/60 train_mse=0.1829 best_train=0.1829 (161.0s)
  [nut] epoch 38/60 start
  [nut] epoch 38/60 train_mse=0.1792 best_train=0.1792 (160.3s)
  [nut] epoch 39/60 start
  [nut] epoch 39/60 train_mse=0.1771 best_train=0.1771 (159.8s)
  [nut] epoch 40/60 start
  [nut] epoch 40/60 train_mse=0.1757 val_mse=0.2315 best=0.1771 (216.5s)
  [nut] epoch 41/60 start
  [nut] epoch 41/60 train_mse=0.1721 best_train=0.1721 (160.8s)
  [nut] epoch 42/60 start
  [nut] epoch 42/60 train_mse=0.1695 best_train=0.1695 (160.2s)
  [nut] epoch 43/60 start
  [nut] epoch 43/60 train_mse=0.1672 best_train=0.1672 (160.6s)
  [nut] epoch 44/60 start
  [nut] epoch 44/60 train_mse=0.1663 best_train=0.1663 (160.3s)
  [nut] epoch 45/60 start
  [nut] epoch 45/60 train_mse=0.1612 val_mse=0.2459 best=0.1663 (218.7s)
  [nut] epoch 46/60 start
  [nut] epoch 46/60 train_mse=0.1592 best_train=0.1592 (164.0s)
  [nut] epoch 47/60 start
  [nut] epoch 47/60 train_mse=0.1543 best_train=0.1543 (159.1s)
  [nut] epoch 48/60 start
  [nut] epoch 48/60 train_mse=0.1550 best_train=0.1543 (160.0s)
  [nut] epoch 49/60 start
  [nut] epoch 49/60 train_mse=0.1501 best_train=0.1501 (160.6s)
  [nut] epoch 50/60 start
  [nut] epoch 50/60 train_mse=0.1481 val_mse=0.2345 best=0.1501 (213.1s)
  [nut] epoch 51/60 start
  [nut] epoch 51/60 train_mse=0.1468 best_train=0.1468 (161.6s)
  [nut] epoch 52/60 start
  [nut] epoch 52/60 train_mse=0.1447 best_train=0.1447 (160.1s)
  [nut] epoch 53/60 start
  [nut] epoch 53/60 train_mse=0.1405 best_train=0.1405 (160.4s)
  [nut] epoch 54/60 start
  [nut] epoch 54/60 train_mse=0.1401 best_train=0.1401 (160.8s)
  [nut] epoch 55/60 start
  [nut] epoch 55/60 train_mse=0.1408 val_mse=0.2258 best=0.1401 (220.2s)
  [nut] epoch 56/60 start
  [nut] epoch 56/60 train_mse=0.1377 best_train=0.1377 (161.5s)
  [nut] epoch 57/60 start
  [nut] epoch 57/60 train_mse=0.1365 best_train=0.1365 (161.2s)
  [nut] epoch 58/60 start
  [nut] epoch 58/60 train_mse=0.1358 best_train=0.1358 (161.1s)
  [nut] epoch 59/60 start
  [nut] epoch 59/60 train_mse=0.1366 best_train=0.1358 (160.3s)
  [nut] epoch 60/60 start
  [nut] epoch 60/60 train_mse=0.1357 val_mse=0.2259 best=0.1358 (220.6s)
=== Training field p (seed 0) ===
  [p] epoch 1/60 start
  [p] epoch 1/60 train_mse=0.1981 best_train=0.1981 (160.7s)
  [p] epoch 2/60 start
  [p] epoch 2/60 train_mse=0.1695 best_train=0.1695 (159.5s)
  [p] epoch 3/60 start
  [p] epoch 3/60 train_mse=0.1558 best_train=0.1558 (160.5s)
  [p] epoch 4/60 start
  [p] epoch 4/60 train_mse=0.1562 best_train=0.1558 (160.1s)
  [p] epoch 5/60 start
  [p] epoch 5/60 train_mse=0.1262 val_mse=0.1193 best=0.1193 (220.0s)
  [p] epoch 6/60 start
  [p] epoch 6/60 train_mse=0.1295 best_train=0.1193 (162.0s)
  [p] epoch 7/60 start
  [p] epoch 7/60 train_mse=0.0911 best_train=0.0911 (160.1s)
  [p] epoch 8/60 start
  [p] epoch 8/60 train_mse=0.0755 best_train=0.0755 (160.6s)
  [p] epoch 9/60 start
  [p] epoch 9/60 train_mse=0.0631 best_train=0.0631 (160.2s)
  [p] epoch 10/60 start
  [p] epoch 10/60 train_mse=0.0572 val_mse=0.0565 best=0.0565 (219.2s)
  [p] epoch 11/60 start
  [p] epoch 11/60 train_mse=0.0694 best_train=0.0565 (162.1s)
  [p] epoch 12/60 start
  [p] epoch 12/60 train_mse=0.0804 best_train=0.0565 (161.1s)
  [p] epoch 13/60 start
  [p] epoch 13/60 train_mse=0.0671 best_train=0.0565 (161.5s)
  [p] epoch 14/60 start
  [p] epoch 14/60 train_mse=0.0565 best_train=0.0565 (160.5s)
  [p] epoch 15/60 start
  [p] epoch 15/60 train_mse=0.0471 val_mse=0.0460 best=0.0460 (222.7s)
  [p] epoch 16/60 start
  [p] epoch 16/60 train_mse=0.0430 best_train=0.0430 (162.4s)
  [p] epoch 17/60 start
  [p] epoch 17/60 train_mse=0.0390 best_train=0.0390 (159.9s)
  [p] epoch 18/60 start
  [p] epoch 18/60 train_mse=0.0363 best_train=0.0363 (161.1s)
  [p] epoch 19/60 start
  [p] epoch 19/60 train_mse=0.0349 best_train=0.0349 (160.5s)
  [p] epoch 20/60 start
  [p] epoch 20/60 train_mse=0.0325 val_mse=0.0460 best=0.0349 (220.4s)
  [p] epoch 21/60 start
  [p] epoch 21/60 train_mse=0.0319 best_train=0.0319 (161.4s)
  [p] epoch 22/60 start
  [p] epoch 22/60 train_mse=0.0300 best_train=0.0300 (160.3s)
  [p] epoch 23/60 start
  [p] epoch 23/60 train_mse=0.0295 best_train=0.0295 (160.5s)
  [p] epoch 24/60 start
  [p] epoch 24/60 train_mse=0.0286 best_train=0.0286 (160.7s)
  [p] epoch 25/60 start
  [p] epoch 25/60 train_mse=0.0272 val_mse=0.0441 best=0.0286 (223.6s)
  [p] epoch 26/60 start
  [p] epoch 26/60 train_mse=0.0269 best_train=0.0269 (161.8s)
  [p] epoch 27/60 start
  [p] epoch 27/60 train_mse=0.0258 best_train=0.0258 (160.4s)
  [p] epoch 28/60 start
  [p] epoch 28/60 train_mse=0.0249 best_train=0.0249 (160.8s)
  [p] epoch 29/60 start
  [p] epoch 29/60 train_mse=0.0248 best_train=0.0248 (160.2s)
  [p] epoch 30/60 start
  [p] epoch 30/60 train_mse=0.0245 val_mse=0.0437 best=0.0248 (220.1s)
  [p] epoch 31/60 start
  [p] epoch 31/60 train_mse=0.0238 best_train=0.0238 (165.9s)
  [p] epoch 32/60 start
  [p] epoch 32/60 train_mse=0.0238 best_train=0.0238 (160.3s)
  [p] epoch 33/60 start
  [p] epoch 33/60 train_mse=0.0234 best_train=0.0234 (160.6s)
  [p] epoch 34/60 start
  [p] epoch 34/60 train_mse=0.0229 best_train=0.0229 (159.9s)
  [p] epoch 35/60 start
  [p] epoch 35/60 train_mse=0.0228 val_mse=0.0340 best=0.0229 (223.8s)
  [p] epoch 36/60 start
  [p] epoch 36/60 train_mse=0.0221 best_train=0.0221 (161.8s)
  [p] epoch 37/60 start
  [p] epoch 37/60 train_mse=0.0214 best_train=0.0214 (160.2s)
  [p] epoch 38/60 start
  [p] epoch 38/60 train_mse=0.0206 best_train=0.0206 (160.3s)
  [p] epoch 39/60 start
  [p] epoch 39/60 train_mse=0.0201 best_train=0.0201 (161.4s)
  [p] epoch 40/60 start
  [p] epoch 40/60 train_mse=0.0190 val_mse=0.0314 best=0.0201 (218.1s)
  [p] epoch 41/60 start
  [p] epoch 41/60 train_mse=0.0180 best_train=0.0180 (165.9s)
  [p] epoch 42/60 start
  [p] epoch 42/60 train_mse=0.0173 best_train=0.0173 (159.9s)
  [p] epoch 43/60 start
  [p] epoch 43/60 train_mse=0.0165 best_train=0.0165 (161.1s)
  [p] epoch 44/60 start
  [p] epoch 44/60 train_mse=0.0157 best_train=0.0157 (160.5s)
  [p] epoch 45/60 start
  [p] epoch 45/60 train_mse=0.0150 val_mse=0.0267 best=0.0157 (222.6s)
  [p] epoch 46/60 start
  [p] epoch 46/60 train_mse=0.0143 best_train=0.0143 (163.6s)
  [p] epoch 47/60 start
  [p] epoch 47/60 train_mse=0.0135 best_train=0.0135 (159.1s)
  [p] epoch 48/60 start
  [p] epoch 48/60 train_mse=0.0128 best_train=0.0128 (159.3s)
  [p] epoch 49/60 start
  [p] epoch 49/60 train_mse=0.0123 best_train=0.0123 (159.5s)
  [p] epoch 50/60 start
  [p] epoch 50/60 train_mse=0.0118 val_mse=0.0271 best=0.0123 (222.5s)
  [p] epoch 51/60 start
  [p] epoch 51/60 train_mse=0.0115 best_train=0.0115 (164.4s)
  [p] epoch 52/60 start
  [p] epoch 52/60 train_mse=0.0111 best_train=0.0111 (159.6s)
  [p] epoch 53/60 start
  [p] epoch 53/60 train_mse=0.0108 best_train=0.0108 (160.5s)
  [p] epoch 54/60 start
  [p] epoch 54/60 train_mse=0.0104 best_train=0.0104 (160.5s)
  [p] epoch 55/60 start
  [p] epoch 55/60 train_mse=0.0102 val_mse=0.0267 best=0.0104 (223.2s)
  [p] epoch 56/60 start
  [p] epoch 56/60 train_mse=0.0100 best_train=0.0100 (161.9s)
  [p] epoch 57/60 start
  [p] epoch 57/60 train_mse=0.0098 best_train=0.0098 (162.8s)
  [p] epoch 58/60 start
  [p] epoch 58/60 train_mse=0.0096 best_train=0.0096 (160.6s)
  [p] epoch 59/60 start
  [p] epoch 59/60 train_mse=0.0095 best_train=0.0095 (159.5s)
  [p] epoch 60/60 start
  [p] epoch 60/60 train_mse=0.0094 val_mse=0.0262 best=0.0095 (219.7s)
TRAINING_COMPLETE
